Flutter crash report.
Please report a bug at https://github.com/flutter/flutter/issues.

## command

flutter pub get

## exception

_CastError: type 'YamlList' is not a subtype of type 'YamlMap?' in type cast

```
#0      FlutterManifest.dependencies (package:flutter_tools/src/flutter_manifest.dart:83:63)
#1      findPlugins (package:flutter_tools/src/flutter_plugins.dart:91:24)
<asynchronous suspension>
#2      PackagesGetCommand.usageValues (package:flutter_tools/src/commands/packages.dart:102:36)
<asynchronous suspension>
#3      FlutterCommand.verifyThenRunCommand (package:flutter_tools/src/runner/flutter_command.dart:1423:15)
<asynchronous suspension>
#4      FlutterCommand.run.<anonymous closure> (package:flutter_tools/src/runner/flutter_command.dart:1257:27)
<asynchronous suspension>
#5      AppContext.run.<anonymous closure> (package:flutter_tools/src/base/context.dart:150:19)
<asynchronous suspension>
#6      CommandRunner.runCommand (package:args/command_runner.dart:209:13)
<asynchronous suspension>
#7      FlutterCommandRunner.runCommand.<anonymous closure> (package:flutter_tools/src/runner/flutter_command_runner.dart:283:9)
<asynchronous suspension>
#8      AppContext.run.<anonymous closure> (package:flutter_tools/src/base/context.dart:150:19)
<asynchronous suspension>
#9      FlutterCommandRunner.runCommand (package:flutter_tools/src/runner/flutter_command_runner.dart:229:5)
<asynchronous suspension>
#10     run.<anonymous closure>.<anonymous closure> (package:flutter_tools/runner.dart:64:9)
<asynchronous suspension>
#11     AppContext.run.<anonymous closure> (package:flutter_tools/src/base/context.dart:150:19)
<asynchronous suspension>
#12     main (package:flutter_tools/executable.dart:91:3)
<asynchronous suspension>
```

## flutter doctor

```
[✓] Flutter (Channel stable, 3.7.11, on Microsoft Windows [Version 10.0.22621.1702], locale en-US)
    • Flutter version 3.7.11 on channel stable at C:\src\flutter
    • Upstream repository https://github.com/flutter/flutter.git
    • Framework revision f72efea43c (5 weeks ago), 2023-04-11 11:57:21 -0700
    • Engine revision 1a65d409c7
    • Dart version 2.19.6
    • DevTools version 2.20.1

[✓] Windows Version (Installed version of Windows is version 10 or higher)

[✓] Android toolchain - develop for Android devices (Android SDK version 33.0.2)
    • Android SDK at C:\Users\ROG\AppData\Local\Android\sdk
    • Platform android-33, build-tools 33.0.2
    • Java binary at: C:\Program Files\Android\Android Studio1\jbr\bin\java
    • Java version OpenJDK Runtime Environment (build 17.0.6+0-b2043.56-9586694)
    • All Android licenses accepted.

[✓] Chrome - develop for the web
    • Chrome at C:\Program Files (x86)\Google\Chrome\Application\chrome.exe

[✓] Visual Studio - develop for Windows (Visual Studio Community 2022 17.5.4)
    • Visual Studio at C:\Program Files\Microsoft Visual Studio\2022\Community
    • Visual Studio Community 2022 version 17.5.33530.505
    • Windows 10 SDK version 10.0.22000.0

[✓] Android Studio (version 2022.2)
    • Android Studio at C:\Program Files\Android\Android Studio1
    • Flutter plugin can be installed from:
      🔨 https://plugins.jetbrains.com/plugin/9212-flutter
    • Dart plugin can be installed from:
      🔨 https://plugins.jetbrains.com/plugin/6351-dart
    • Java version OpenJDK Runtime Environment (build 17.0.6+0-b2043.56-9586694)

[✓] VS Code (version 1.78.1)
    • VS Code at C:\Users\ROG\AppData\Local\Programs\Microsoft VS Code
    • Flutter extension version 3.64.0

[✓] Connected device (4 available)
    • sdk gphone x86 64 (mobile) • emulator-5554 • android-x64    • Android 13 (API 33) (emulator)
    • Windows (desktop)          • windows       • windows-x64    • Microsoft Windows [Version 10.0.22621.1702]
    • Chrome (web)               • chrome        • web-javascript • Google Chrome 113.0.5672.93
    • Edge (web)                 • edge          • web-javascript • Microsoft Edge 112.0.1722.64

[✓] HTTP Host Availability
    • All required HTTP hosts are available

• No issues found!
```
